MPASM 5.81                     CODE_BETA.ASM   9-26-2018  0:39:04         PAGE  1


LOC  OBJECT CODE     LINE SOURCE TEXT
  VALUE

                      00001     ;A very low power LED flasher using PIC12F509 microcontroller
                      00002     ;Author: Kalun Lau
                      00003     ;Changelog:
                      00004     ;23-09-2018: Initial brainstorm, reading and trying to figure out how
                      00005     ;            to program the device, using Proteus to simulate. First
                      00006     ;            attempt on MPASM showed many errors due to different syntax
                      00007     ;            between PIC18 and PIC12 baseline microcontrollers. Tried to
                      00008     ;            do a delay routine using nested repetitive loops but failed.
                      00009     ;25-09-2018: Learned that there are dedicated instructions to set TRIS
                      00010     ;            register(tris) and OPTION register (option) on baseline micros
                      00011     ;            Timer0 module doesn't have overflow flag! Learned that WDT
                      00012     ;            wakes up the micro and it has an period time of 18ms between
                      00013     ;            overflows, WDT can be used with prescaler (from Timer0) in
                      00014     ;            order to extend the period, up to 2.3 seconds on PSC 1:128.
                      00015     ;            Made some modifications on the code in order to use the WDT
                      00016     ;            as the delay function of the LED flasher and putting the
                      00017     ;            micro on SLEEP in between. This reduces the power consumption
                      00018     ;            down to 350nA @ 5V while on sleep periods.
                      00019     
                      00020     list p=12f509
                      00021     #include <p12f509.inc>
                      00001         LIST
                      00002 
                      00003 ;==========================================================================
                      00004 ; Build date : Jul 23 2018
                      00005 ;  MPASM PIC12F509 processor include
                      00006 ; 
                      00007 ;  (c) Copyright 1999-2018 Microchip Technology, All rights reserved
                      00008 ;==========================================================================
                      00009 
                      00157         LIST
                      00022 
0FFF   0FEE           00023     __CONFIG _OSC_IntRC & _WDT_ON & _CP_OFF & _MCLRE_OFF
                      00024  
                      00025     org 0x0000
0000   0A??           00026     goto configuracion
                      00027     
0001                  00028 configuracion:
0001   0CFE           00029     movlw 0xFE
0002   0006           00030     tris 6              ;Puerto GPIO.0 como salida (conectado al LED)
                      00031     
0003                  00032 inicio:
0003   0706           00033     btfss GPIO, 0
0004   0A??           00034     goto encendido
0005   0406           00035     bcf GPIO, 0
0006   0CFF           00036     movlw 0xFF
0007   0002           00037     option              ;Prescaler para WDT (PSA=1) y valor 1:128, 2.3s periodo
0008   0003           00038     sleep
0009                  00039 encendido:
0009   0506           00040     bsf GPIO, 0
000A   0CFA           00041     movlw 0xFA
000B   0002           00042     option              ;Prescaler para WDT (PSA=1) y valor 1:4, 72ms periodo
000C   0003           00043     sleep
MPASM 5.81                     CODE_BETA.ASM   9-26-2018  0:39:04         PAGE  2


LOC  OBJECT CODE     LINE SOURCE TEXT
  VALUE

                      00044 
0FEE                  00045     end
MPASM 5.81                     CODE_BETA.ASM   9-26-2018  0:39:04         PAGE  3


SYMBOL TABLE
  LABEL                             VALUE 

C                                 00000000
CAL0                              00000001
CAL1                              00000002
CAL2                              00000003
CAL3                              00000004
CAL4                              00000005
CAL5                              00000006
CAL6                              00000007
DC                                00000001
F                                 00000001
FSR                               00000004
GP0                               00000000
GP1                               00000001
GP2                               00000002
GP3                               00000003
GP4                               00000004
GP5                               00000005
GPIO                              00000006
GPWUF                             00000007
INDF                              00000000
NOT_GPPU                          00000006
NOT_GPWU                          00000007
NOT_PD                            00000003
NOT_TO                            00000004
OSCCAL                            00000005
PA0                               00000005
PCL                               00000002
PS0                               00000000
PS1                               00000001
PS2                               00000002
PSA                               00000003
STATUS                            00000003
T0CS                              00000005
T0SE                              00000004
TMR0                              00000001
TRISIO0                           00000000
TRISIO1                           00000001
TRISIO2                           00000002
TRISIO3                           00000003
TRISIO4                           00000004
TRISIO5                           00000005
W                                 00000000
Z                                 00000002
_CONFIG                           00000FFF
_CP_OFF                           00000FFF
_CP_ON                            00000FF7
_ExtRC_OSC                        00000FFF
_IDLOC0                           00000400
_IDLOC1                           00000401
_IDLOC2                           00000402
_IDLOC3                           00000403
_IntRC_OSC                        00000FFE
_LP_OSC                           00000FFC
MPASM 5.81                     CODE_BETA.ASM   9-26-2018  0:39:04         PAGE  4


SYMBOL TABLE
  LABEL                             VALUE 

_MCLRE_OFF                        00000FEF
_MCLRE_ON                         00000FFF
_OSC_ExtRC                        00000FFF
_OSC_IntRC                        00000FFE
_OSC_LP                           00000FFC
_OSC_XT                           00000FFD
_WDT_OFF                          00000FFB
_WDT_ON                           00000FFF
_XT_OSC                           00000FFD
__12F509                          00000001
configuracion                     00000001
encendido                         00000009
inicio                            00000003

Errors   :     0
Warnings :     0 reported,     0 suppressed
Messages :     0 reported,     0 suppressed

